
<dict>
	cocos2d.x.version: 2.2.1
	cocos2d.x.compiled_with_profiler: false
	cocos2d.x.compiled_with_gl_state_cache: true
	gl.vendor: NVIDIA Corporation
	gl.renderer: GeForce GT 130M/PCI/SSE2
	gl.version: 3.1 NVIDIA 189.90
	gl.max_texture_size: 8192
	gl.max_texture_units: 32
	gl.supports_PVRTC: false
	gl.supports_NPOT: true
	gl.supports_BGRA8888: false
	gl.supports_discard_framebuffer: false
	gl.supports_vertex_array_object: true
</dict>
lua_loadChunksFromZIP() - load zip file: D:\Develop\cocos2d-x\quick-cocos2d-x\lib\framework_precompiled\framework_precompiled.zip
lua_loadChunksFromZIP() - loaded chunks count: 54
------------------------------------------------
LOAD LUA FILE: D:/Develop/cocos2d-x/projects/fiveinone/scripts/main.lua
------------------------------------------------
[1.3178] Could not connect to localhost:8172: connection refused
[1.3203] [INFO] 
[1.3218] [INFO] # DEBUG                        = 2
[1.3230] [INFO] #
[1.3240] [INFO] # device.platform              = windows
[1.3250] [INFO] # device.model                 = unknown
[1.3259] [INFO] # device.language              = cn
[1.3270] [INFO] # device.writablePath          = D:\Develop\cocos2d-x\projects\fiveinone\
[1.3286] [INFO] # device.cachePath             = D:\Develop\cocos2d-x\projects\fiveinone\
[1.3305] [INFO] # device.directorySeparator    = \
[1.3316] [INFO] # device.pathSeparator         = ;
[1.3325] [INFO] #
[1.3476] [INFO] # CONFIG_SCREEN_AUTOSCALE      = FIXED_WIDTH
[1.3489] [INFO] # CONFIG_SCREEN_WIDTH          = 960.00
[1.3514] [INFO] # CONFIG_SCREEN_HEIGHT         = 640.00
[1.3522] [INFO] # display.widthInPixels        = 960.00
[1.3530] [INFO] # display.heightInPixels       = 640.00
[1.3538] [INFO] # display.contentScaleFactor   = 1.00
[1.3549] [INFO] # display.width                = 960.00
[1.3566] [INFO] # display.height               = 640.00
[1.3576] [INFO] # display.cx                   = 480.00
[1.3586] [INFO] # display.cy                   = 320.00
[1.3596] [INFO] # display.left                 = 0.00
[1.3607] [INFO] # display.right                = 960.00
[1.3639] [INFO] # display.top                  = 640.00
[1.3650] [INFO] # display.bottom               = 0.00
[1.3662] [INFO] # display.c_left               = -480.00
[1.3674] [INFO] # display.c_right              = 480.00
[1.3685] [INFO] # display.c_top                = 320.00
[1.3696] [INFO] # display.c_bottom             = -320.00
[1.3701] [INFO] #
[1.5022] [INFO] Scene "StartScene:onEnter()"
[2.2853] [INFO] sender is -1
[2.2974] [INFO] replcate scene with GameScene
cocos2d: CCSpriteBatchNode: resizing TextureAtlas capacity from [108] to [145].
cocos2d: CCSpriteBatchNode: resizing TextureAtlas capacity from [145] to [194].
cocos2d: CCSpriteBatchNode: resizing TextureAtlas capacity from [194] to [260].
cocos2d: CCSpriteBatchNode: resizing TextureAtlas capacity from [260] to [348].
[2.3344] [INFO] device.platform == windows
[2.3351] [INFO] GameScene ctor end
[2.3361] [INFO] Scene "GameScene:onEnter()"
[2.8562] [INFO] Perform add keypad event
[3.3767] [INFO] Scene "StartScene:onExit()"
[3.3774] [INFO] StartScene onExit()
[5.2195] [INFO]  0 0 0 0 0 0 0 0 0 0 0 0 0 0 0 0 0
[5.2204] [INFO]  0 0 0 0 0 0 0 0 0 0 0 0 0 0 0 0 0
[5.2211] [INFO]  0 0 0 0 0 0 0 0 0 0 0 0 0 0 0 0 0
[5.2219] [INFO]  0 0 0 0 0 0 0 0 0 0 0 0 0 0 0 0 0
[5.2226] [INFO]  0 0 0 0 0 0 0 0 0 0 0 0 0 0 0 0 0
[5.2233] [INFO]  0 0 0 0 0 0 0 0 0 0 0 0 0 0 0 0 0
[5.2241] [INFO]  0 0 0 0 0 0 0 0 0 0 0 0 0 0 0 0 0
[5.2247] [INFO]  0 0 0 0 0 0 0 0 0 0 0 0 0 0-1 0 0
[5.2261] [INFO]  0 0 0 0 0 0 0 0 0 0 0 0 0 0 0 0 0
[5.2273] [INFO]  0 0 0 0 0 0 0 0 0 0 0 0 0 0 0 0 0
[5.2284] [INFO]  0 0 0 0 0 0 0 0 0 0 0 0 0 0 0 0 0
[5.2295] [INFO]  0 0 0 0 0 0 0 0 0 0 0 0 0 0 0 0 0
[5.2306] [INFO]  0 0 0 0 0 0 0 0 0 0 0 0 0 0 0 0 0
[5.2319] [INFO]  0 0 0 0 0 0 0 0 0 0 0 0 0 0 0 0 0
[5.2332] [INFO]  0 0 0 0 0 0 0 0 0 0 0 0 0 0 0 0 0
[5.2339] [INFO]  0 0 0 0 0 0 0 0 0 0 0 0 0 0 0 0 0
[5.2347] [INFO]  0 0 0 0 0 0 0 0 0 0 0 0 0 0 0 0 0
[5.2362] [INFO] not moved
[5.6835] [INFO]  0 0 0 0 0 0 0 0 0 0 0 0 0 0 0 0 0
[5.6892] [INFO]  0 0 0 0 0 0 0 0 0 0 0 0 0 0 0 0 0
[5.6901] [INFO]  0 0 0 0 0 0 0 0 0 0 0 0 0 0 0 0 0
[5.6908] [INFO]  0 0 0 0 0 0 0 0 0 0 0 0 0 0 0 0 0
[5.6924] [INFO]  0 0 0 0 0 0 0 0 0 0 0 0 0 0 0 0 0
[5.6937] [INFO]  0 0 0 0 0 0 0 0 0 0 0 0 0 0 0 0 0
[5.6948] [INFO]  0 0 0 0 0 0 0 0 0 0 0 0 0 0 0 0 0
[5.6959] [INFO]  0 0 0 0 0 0 0 0 0 0 0 0 0 0-1 0 0
[5.6971] [INFO]  0 0 0 0 0 0 0 0 0 0 0 1 0 0 0 0 0
[5.6978] [INFO]  0 0 0 0 0 0 0 0 0 0 0 0 0 0 0 0 0
[5.6986] [INFO]  0 0 0 0 0 0 0 0 0 0 0 0 0 0 0 0 0
[5.6995] [INFO]  0 0 0 0 0 0 0 0 0 0 0 0 0 0 0 0 0
[5.7002] [INFO]  0 0 0 0 0 0 0 0 0 0 0 0 0 0 0 0 0
[5.7009] [INFO]  0 0 0 0 0 0 0 0 0 0 0 0 0 0 0 0 0
[5.7017] [INFO]  0 0 0 0 0 0 0 0 0 0 0 0 0 0 0 0 0
[5.7024] [INFO]  0 0 0 0 0 0 0 0 0 0 0 0 0 0 0 0 0
[5.7034] [INFO]  0 0 0 0 0 0 0 0 0 0 0 0 0 0 0 0 0
[5.7075] [INFO] not moved
[6.1854] [INFO]  0 0 0 0 0 0 0 0 0 0 0 0 0 0 0 0 0
[6.1922] [INFO]  0 0 0 0 0 0 0 0 0 0 0 0 0 0 0 0 0
[6.1931] [INFO]  0 0 0 0 0 0 0 0 0 0 0 0 0 0 0 0 0
[6.1943] [INFO]  0 0 0 0 0 0 0 0 0 0 0 0 0 0 0 0 0
[6.1960] [INFO]  0 0 0 0 0 0 0 0 0 0 0 0 0 0 0 0 0
[6.1972] [INFO]  0 0 0 0 0 0 0 0 0 0 0 0 0 0 0 0 0
[6.1987] [INFO]  0 0 0 0 0 0 0 0 0 0 0 0 0 0 0 0 0
[6.1992] [INFO]  0 0 0 0 0 0 0 0 0 0 0-1 0 0-1 0 0
[6.2015] [INFO]  0 0 0 0 0 0 0 0 0 0 0 1 0 0 0 0 0
[6.2028] [INFO]  0 0 0 0 0 0 0 0 0 0 0 0 0 0 0 0 0
[6.2040] [INFO]  0 0 0 0 0 0 0 0 0 0 0 0 0 0 0 0 0
[6.2049] [INFO]  0 0 0 0 0 0 0 0 0 0 0 0 0 0 0 0 0
[6.2059] [INFO]  0 0 0 0 0 0 0 0 0 0 0 0 0 0 0 0 0
[6.2069] [INFO]  0 0 0 0 0 0 0 0 0 0 0 0 0 0 0 0 0
[6.2080] [INFO]  0 0 0 0 0 0 0 0 0 0 0 0 0 0 0 0 0
[6.2084] [INFO]  0 0 0 0 0 0 0 0 0 0 0 0 0 0 0 0 0
[6.2112] [INFO]  0 0 0 0 0 0 0 0 0 0 0 0 0 0 0 0 0
[6.2120] [INFO] not moved
[6.6174] [INFO]  0 0 0 0 0 0 0 0 0 0 0 0 0 0 0 0 0
[6.6327] [INFO]  0 0 0 0 0 0 0 0 0 0 0 0 0 0 0 0 0
[6.6339] [INFO]  0 0 0 0 0 0 0 0 0 0 0 0 0 0 0 0 0
[6.6348] [INFO]  0 0 0 0 0 0 0 0 0 0 0 0 0 0 0 0 0
[6.6353] [INFO]  0 0 0 0 0 0 0 0 0 0 0 0 0 0 0 0 0
[6.6366] [INFO]  0 0 0 0 0 0 0 0 0 0 0 0 0 0 0 0 0
[6.6376] [INFO]  0 0 0 0 0 0 0 0 0 0 0 0 0 0 0 0 0
[6.6389] [INFO]  0 0 0 0 0 0 0 0 0 0 0-1 1 0-1 0 0
[6.6403] [INFO]  0 0 0 0 0 0 0 0 0 0 0 1 0 0 0 0 0
[6.6416] [INFO]  0 0 0 0 0 0 0 0 0 0 0 0 0 0 0 0 0
[6.6427] [INFO]  0 0 0 0 0 0 0 0 0 0 0 0 0 0 0 0 0
[6.6438] [INFO]  0 0 0 0 0 0 0 0 0 0 0 0 0 0 0 0 0
[6.6451] [INFO]  0 0 0 0 0 0 0 0 0 0 0 0 0 0 0 0 0
[6.6463] [INFO]  0 0 0 0 0 0 0 0 0 0 0 0 0 0 0 0 0
[6.6478] [INFO]  0 0 0 0 0 0 0 0 0 0 0 0 0 0 0 0 0
[6.6489] [INFO]  0 0 0 0 0 0 0 0 0 0 0 0 0 0 0 0 0
[6.6499] [INFO]  0 0 0 0 0 0 0 0 0 0 0 0 0 0 0 0 0
[6.6517] [INFO] not moved
[7.4135] [INFO] Scene "GameScene:onExit()"
[7.4142] [INFO] GameScene onExit
